Start testing: May 09 11:02 CDT
----------------------------------------------------------
1/1 Testing: check
1/1 Test: check
Command: "/home/g3rasik/g3rasik/workspace/projects/lab05/_build/check"
Directory: /home/g3rasik/g3rasik/workspace/projects/lab05/_build
"check" start time: May 09 11:02 CDT
Output:
----------------------------------------------------------
Running main() from /home/g3rasik/g3rasik/workspace/projects/lab05/third-party/gtest/googletest/src/gtest_main.cc
[==========] Running 0 tests from 0 test cases.
[==========] 0 tests from 0 test cases ran. (0 ms total)
[  PASSED  ] 0 tests.
<end of output>
Test time =   0.00 sec
----------------------------------------------------------
Test Passed.
"check" end time: May 09 11:02 CDT
"check" time elapsed: 00:00:00
----------------------------------------------------------

End testing: May 09 11:02 CDT
